<?xml version="1.0" encoding="UTF-8"?>
<testng-results ignored="0" total="1" passed="1" failed="0" skipped="0">
  <reporter-output>
  </reporter-output>
  <suite started-at="2025-11-05T01:14:21 IST" name="Surefire suite" finished-at="2025-11-05T01:14:26 IST" duration-ms="4342">
    <groups>
      <group name="cucumber">
        <method signature="AbstractTestNGCucumberTests.runScenario(io.cucumber.testng.PickleWrapper,io.cucumber.testng.FeatureWrapper)[pri:0, instance:runners.RunCukesTest@3d74bf60]" name="runScenario" class="io.cucumber.testng.AbstractTestNGCucumberTests"/>
      </group> <!-- cucumber -->
    </groups>
    <test started-at="2025-11-05T01:14:21 IST" name="Surefire test" finished-at="2025-11-05T01:14:26 IST" duration-ms="4342">
      <class name="runners.RunCukesTest">
        <test-method is-config="true" signature="setUpClass(org.testng.ITestContext)[pri:0, instance:runners.RunCukesTest@3d74bf60]" started-at="2025-11-05T01:14:21 IST" name="setUpClass" finished-at="2025-11-05T01:14:22 IST" duration-ms="390" status="PASS">
          <params>
            <param index="0">
              <value>
                <![CDATA[org.testng.TestRunner@2bfb583b]]>
              </value>
            </param>
          </params>
          <reporter-output>
          </reporter-output>
        </test-method> <!-- setUpClass -->
        <test-method signature="runScenario(io.cucumber.testng.PickleWrapper,io.cucumber.testng.FeatureWrapper)[pri:0, instance:runners.RunCukesTest@3d74bf60]" started-at="2025-11-05T01:14:22 IST" name="runScenario" description="Runs Cucumber Scenarios" data-provider="scenarios" finished-at="2025-11-05T01:14:26 IST" duration-ms="3773" status="PASS">
          <params>
            <param index="0">
              <value>
                <![CDATA["Add first matching product to cart and verify"]]>
              </value>
            </param>
            <param index="1">
              <value>
                <![CDATA["Dynamic Product Search & Cart Verification"]]>
              </value>
            </param>
          </params>
          <reporter-output>
          </reporter-output>
        </test-method> <!-- runScenario -->
        <test-method is-config="true" signature="tearDownClass()[pri:0, instance:runners.RunCukesTest@3d74bf60]" started-at="2025-11-05T01:14:26 IST" name="tearDownClass" finished-at="2025-11-05T01:14:26 IST" duration-ms="149" status="PASS">
          <reporter-output>
          </reporter-output>
        </test-method> <!-- tearDownClass -->
      </class> <!-- runners.RunCukesTest -->
    </test> <!-- Surefire test -->
  </suite> <!-- Surefire suite -->
</testng-results>
