<?xml version="1.0" encoding="UTF-8"?>
<testsuite xmlns:xsi="http://www.w3.org/2001/XMLSchema-instance" xsi:noNamespaceSchemaLocation="https://maven.apache.org/surefire/maven-surefire-plugin/xsd/surefire-test-report-3.0.xsd" version="3.0" name="runners.RunCukesTest" time="4.725" tests="1" errors="0" skipped="0" failures="0">
  <properties>
[...]
</properties>
  <testcase name="runScenario[&quot;Add first matching product to cart and verify&quot;, &quot;Dynamic Product Search &amp; Cart Verification&quot;](1)" classname="runners.RunCukesTest" time="3.774">
    <system-out><![CDATA[
@smoke
Scenario: Add first matching product to cart and verify        # src/test/resources/features/product_search.feature:4
  Given I open the SauceDemo app                               # steps.ProductSteps.i_open_the_sauce_demo_app()
  When I login with "standard_user" and "secret_sauce"         # steps.ProductSteps.i_login_with_and(java.lang.String,java.lang.String)
  And I search and add a product that matches the keyword      # steps.ProductSteps.i_search_and_add_a_product_that_matches_the_keyword()
Product in cart: Sauce Labs Backpack
  Then I should see the product in the cart and print its name # steps.ProductSteps.i_should_see_the_product_in_the_cart_and_print_its_name()
]]></system-out>
    <system-err><![CDATA[SLF4J(W): No SLF4J providers were found.
SLF4J(W): Defaulting to no-operation (NOP) logger implementation
SLF4J(W): See https://www.slf4j.org/codes.html#noProviders for further details.
Nov 05, 2025 1:14:24 AM org.openqa.selenium.devtools.CdpVersionFinder findNearestMatch
WARNING: Unable to find CDP implementation matching 138
Nov 05, 2025 1:14:24 AM org.openqa.selenium.chromium.ChromiumDriver lambda$new$5
WARNING: Unable to find version of CDP to use for 138.0.7204.185. You may need to include a dependency on a specific version of the CDP using something similar to `org.seleniumhq.selenium:selenium-devtools-v86:4.22.0` where the version ("v86") matches the version of the chromium-based browser you're using and the version number of the artifact is the same as Selenium's.
]]></system-err>
  </testcase>
</testsuite>